<?xml version="1.0" encoding="UTF-8"?>
<testng-results ignored="0" total="1" passed="1" failed="0" skipped="0">
  <reporter-output>
  </reporter-output>
  <suite started-at="2023-03-06T12:00:47 IST" name="Surefire suite" finished-at="2023-03-06T12:00:47 IST" duration-ms="60">
    <groups>
    </groups>
    <test started-at="2023-03-06T12:00:47 IST" name="Surefire test" finished-at="2023-03-06T12:00:47 IST" duration-ms="60">
      <class name="cit.automation.AppTest">
        <test-method signature="testApp()[pri:0, instance:testApp(cit.automation.AppTest)]" started-at="2023-03-06T12:00:47 IST" name="testApp" finished-at="2023-03-06T12:00:47 IST" duration-ms="1" status="PASS">
          <reporter-output>
          </reporter-output>
        </test-method> <!-- testApp -->
      </class> <!-- cit.automation.AppTest -->
    </test> <!-- Surefire test -->
  </suite> <!-- Surefire suite -->
</testng-results>
