<?xml version="1.0" encoding="UTF-8"?>
<testng-results ignored="0" total="2" passed="2" failed="0" skipped="0">
  <reporter-output>
  </reporter-output>
  <suite started-at="2023-03-06T12:00:34 IST" name="Surefire suite" finished-at="2023-03-06T12:00:47 IST" duration-ms="12321">
    <groups>
    </groups>
    <test started-at="2023-03-06T12:00:34 IST" name="Surefire test" finished-at="2023-03-06T12:00:47 IST" duration-ms="12321">
      <class name="cit.automation.FirstTest">
        <test-method signature="firstChromeTest()[pri:0, instance:cit.automation.FirstTest@2cd2a21f]" started-at="2023-03-06T12:00:35 IST" name="firstChromeTest" finished-at="2023-03-06T12:00:40 IST" duration-ms="5341" status="PASS">
          <reporter-output>
          </reporter-output>
        </test-method> <!-- firstChromeTest -->
        <test-method signature="firstTestMethod()[pri:0, instance:cit.automation.FirstTest@2cd2a21f]" started-at="2023-03-06T12:00:40 IST" name="firstTestMethod" finished-at="2023-03-06T12:00:47 IST" duration-ms="6890" status="PASS">
          <reporter-output>
          </reporter-output>
        </test-method> <!-- firstTestMethod -->
      </class> <!-- cit.automation.FirstTest -->
    </test> <!-- Surefire test -->
  </suite> <!-- Surefire suite -->
</testng-results>
