<?xml version="1.0" encoding="UTF-8"?>
<testsuite xmlns:xsi="http://www.w3.org/2001/XMLSchema-instance" xsi:noNamespaceSchemaLocation="https://maven.apache.org/surefire/maven-surefire-plugin/xsd/surefire-test-report-3.0.xsd" version="3.0" name="TestSuite" time="14.018" tests="3" errors="0" skipped="0" failures="0">
  <properties>
[...]
</properties>
  <testcase name="firstChromeTest" classname="cit.automation.FirstTest" time="5.352">
    <system-err><![CDATA[SLF4J: Failed to load class "org.slf4j.impl.StaticLoggerBinder".
SLF4J: Defaulting to no-operation (NOP) logger implementation
SLF4J: See http://www.slf4j.org/codes.html#StaticLoggerBinder for further details.
Starting ChromeDriver 110.0.5481.77 (65ed616c6e8ee3fe0ad64fe83796c020644d42af-refs/branch-heads/5481@{#839}) on port 24261
Only local connections are allowed.
Please see https://chromedriver.chromium.org/security-considerations for suggestions on keeping ChromeDriver safe.
ChromeDriver was started successfully.
[1678084237.821][WARNING]: virtual void DevToolsClientImpl::AddListener(DevToolsEventListener *) subscribing a listener to the already connected DevToolsClient. Connection notification will not arrive.
Mar 06, 2023 12:00:39 PM org.openqa.selenium.devtools.CdpVersionFinder findNearestMatch
WARNING: Unable to find CDP implementation matching 110
Mar 06, 2023 12:00:39 PM org.openqa.selenium.chromium.ChromiumDriver lambda$new$3
WARNING: Unable to find version of CDP to use for . You may need to include a dependency on a specific version of the CDP using something similar to `org.seleniumhq.selenium:selenium-devtools-v86:4.8.1` where the version ("v86") matches the version of the chromium-based browser you're using and the version number of the artifact is the same as Selenium's.
]]></system-err>
  </testcase>
  <testcase name="firstTestMethod" classname="cit.automation.FirstTest" time="6.88">
    <system-out><![CDATA[Starting Selenium project - open naukri.com
Starting Selenium project - quit driver
]]></system-out>
    <system-err><![CDATA[1678084240618	geckodriver	INFO	Listening on 127.0.0.1:12348
1678084240652	mozrunner::runner	INFO	Running command: "C:\\Program Files\\Mozilla Firefox\\firefox.exe" "--marionette" "--remote-debugging-port" "27403" "--remote ... alhost:27403/,http://[::1]:27403/" "-no-remote" "-profile" "C:\\Users\\SAMADR~1\\AppData\\Local\\Temp\\rust_mozprofilebtLmBC"
1678084241365	Marionette	INFO	Marionette enabled
1678084241375	Marionette	INFO	Listening on port 63122
Read port: 63122
WebDriver BiDi listening on ws://127.0.0.1:27403
1678084241591	RemoteAgent	WARN	TLS certificate errors will be ignored for this session
console.warn: SearchSettings: "get: No settings file exists, new profile?" (new NotFoundError("Could not open the file at C:\\Users\\SAMADR~1\\AppData\\Local\\Temp\\rust_mozprofilebtLmBC\\search.json.mozlz4", (void 0)))
DevTools listening on ws://127.0.0.1:27403/devtools/browser/7c57d84e-1841-47db-a44a-dad14a300f29
JavaScript warning: https://www.naukri.com/NmX67s-IC/JIal7fvJ/w/a1ubmkL0N1ti/MC1qe2sqAQ/J3l/9ACl4aCs, line 1: unreachable code after return statement
JavaScript warning: https://www.naukri.com/NmX67s-IC/JIal7fvJ/w/a1ubmkL0N1ti/MC1qe2sqAQ/J3l/9ACl4aCs, line 1: WEBGL_debug_renderer_info is deprecated in Firefox and will be removed. Please use RENDERER.
JavaScript warning: https://www.naukri.com/NmX67s-IC/JIal7fvJ/w/a1ubmkL0N1ti/MC1qe2sqAQ/J3l/9ACl4aCs, line 1: WEBGL_debug_renderer_info is deprecated in Firefox and will be removed. Please use RENDERER.
]]></system-err>
  </testcase>
  <testcase name="testApp on testApp(cit.automation.AppTest)" classname="cit.automation.AppTest" time="7.608"/>
</testsuite>